2025-05-05 23:58:16 - The pcap file or folder does not exist! -> D:\Real-Time-Feature-Extraction-of-Packets-using-CICFLOWMETER\pcap_store\traffic_20250505_235815.pcap
2025-05-06 00:09:31 - You select: D:\Real-Time-Feature-Extraction-of-Packets-using-CICFLOWMETER\pcap_store\traffic_20250506_000750.pcap
2025-05-06 00:09:31 - Out folder: D:\Real-Time-Feature-Extraction-of-Packets-using-CICFLOWMETER\output
2025-05-06 00:09:31 - CICFlowMeter received 1 pcap file
2025-05-06 01:15:39 - You select: D:\Real-Time-Feature-Extraction-of-Packets-using-CICFLOWMETER\pcap_store\traffic_20250506_011359.pcap
2025-05-06 01:15:39 - Out folder: D:\Real-Time-Feature-Extraction-of-Packets-using-CICFLOWMETER\output
2025-05-06 01:15:40 - CICFlowMeter received 1 pcap file
2025-05-06 01:23:44 - You select: D:\Real-Time-Feature-Extraction-of-Packets-using-CICFLOWMETER\pcap_store\traffic_20250506_012243.pcap
2025-05-06 01:23:44 - Out folder: D:\Real-Time-Feature-Extraction-of-Packets-using-CICFLOWMETER\output
2025-05-06 01:23:44 - CICFlowMeter received 1 pcap file
2025-05-06 01:27:18 - You select: D:\Real-Time-Feature-Extraction-of-Packets-using-CICFLOWMETER\pcap_store\traffic_20250506_012617.pcap
2025-05-06 01:27:18 - Out folder: D:\Real-Time-Feature-Extraction-of-Packets-using-CICFLOWMETER\output
2025-05-06 01:27:18 - CICFlowMeter received 1 pcap file
2025-05-06 01:33:50 - You select: D:\Real-Time-Feature-Extraction-of-Packets-using-CICFLOWMETER\pcap_store\traffic_20250506_013249.pcap
2025-05-06 01:33:50 - Out folder: D:\Real-Time-Feature-Extraction-of-Packets-using-CICFLOWMETER\output
2025-05-06 01:33:50 - CICFlowMeter received 1 pcap file
2025-05-06 02:08:02 - You select: D:\Real-Time-Feature-Extraction-of-Packets-using-CICFLOWMETER\pcap_store\traffic_20250506_020701.pcap
2025-05-06 02:08:02 - Out folder: D:\Real-Time-Feature-Extraction-of-Packets-using-CICFLOWMETER\output
2025-05-06 02:08:02 - CICFlowMeter received 1 pcap file
2025-05-06 02:35:46 - You select: D:\Real-Time-Feature-Extraction-of-Packets-using-CICFLOWMETER\pcap_store\traffic_20250506_023445.pcap
2025-05-06 02:35:46 - Out folder: D:\Real-Time-Feature-Extraction-of-Packets-using-CICFLOWMETER\output
2025-05-06 02:35:46 - CICFlowMeter received 1 pcap file
2025-05-06 02:40:31 - You select: D:\Real-Time-Feature-Extraction-of-Packets-using-CICFLOWMETER\pcap_store\traffic_20250506_023930.pcap
2025-05-06 02:40:31 - Out folder: D:\Real-Time-Feature-Extraction-of-Packets-using-CICFLOWMETER\output
2025-05-06 02:40:31 - CICFlowMeter received 1 pcap file
2025-05-06 02:50:52 - You select: D:\Real-Time-Feature-Extraction-of-Packets-using-CICFLOWMETER\pcap_store\traffic_20250506_024952.pcap
2025-05-06 02:50:52 - Out folder: D:\Real-Time-Feature-Extraction-of-Packets-using-CICFLOWMETER\output
2025-05-06 02:50:53 - CICFlowMeter received 1 pcap file
2025-05-06 03:03:35 - You select: D:\Real-Time-Feature-Extraction-of-Packets-using-CICFLOWMETER\pcap_store\traffic_20250506_030234.pcap
2025-05-06 03:03:35 - Out folder: D:\Real-Time-Feature-Extraction-of-Packets-using-CICFLOWMETER\output
2025-05-06 03:03:35 - CICFlowMeter received 1 pcap file
2025-05-06 03:15:47 - You select: D:\Real-Time-Feature-Extraction-of-Packets-using-CICFLOWMETER\pcap_store\traffic_20250506_031446.pcap
2025-05-06 03:15:47 - Out folder: D:\Real-Time-Feature-Extraction-of-Packets-using-CICFLOWMETER\output
2025-05-06 03:15:47 - CICFlowMeter received 1 pcap file
2025-05-06 03:17:46 - You select: D:\Real-Time-Feature-Extraction-of-Packets-using-CICFLOWMETER\pcap_store\traffic_20250506_031645.pcap
2025-05-06 03:17:46 - Out folder: D:\Real-Time-Feature-Extraction-of-Packets-using-CICFLOWMETER\output
2025-05-06 03:17:46 - CICFlowMeter received 1 pcap file
2025-05-06 03:20:29 - You select: D:\Real-Time-Feature-Extraction-of-Packets-using-CICFLOWMETER\pcap_store\traffic_20250506_031928.pcap
2025-05-06 03:20:29 - Out folder: D:\Real-Time-Feature-Extraction-of-Packets-using-CICFLOWMETER\output
2025-05-06 03:20:29 - CICFlowMeter received 1 pcap file
2025-05-06 03:23:16 - You select: D:\Real-Time-Feature-Extraction-of-Packets-using-CICFLOWMETER\pcap_store\traffic_20250506_032215.pcap
2025-05-06 03:23:16 - Out folder: D:\Real-Time-Feature-Extraction-of-Packets-using-CICFLOWMETER\output
2025-05-06 03:23:16 - CICFlowMeter received 1 pcap file
2025-05-06 03:24:58 - You select: D:\Real-Time-Feature-Extraction-of-Packets-using-CICFLOWMETER\pcap_store\traffic_20250506_032357.pcap
2025-05-06 03:24:58 - Out folder: D:\Real-Time-Feature-Extraction-of-Packets-using-CICFLOWMETER\output
2025-05-06 03:24:58 - CICFlowMeter received 1 pcap file
2025-05-06 03:26:14 - You select: D:\Real-Time-Feature-Extraction-of-Packets-using-CICFLOWMETER\pcap_store\traffic_20250506_032604.pcap
2025-05-06 03:26:14 - Out folder: D:\Real-Time-Feature-Extraction-of-Packets-using-CICFLOWMETER\output
2025-05-06 03:26:15 - CICFlowMeter received 1 pcap file
2025-05-06 03:26:35 - You select: D:\Real-Time-Feature-Extraction-of-Packets-using-CICFLOWMETER\pcap_store\traffic_20250506_032624.pcap
2025-05-06 03:26:35 - Out folder: D:\Real-Time-Feature-Extraction-of-Packets-using-CICFLOWMETER\output
2025-05-06 03:26:35 - CICFlowMeter received 1 pcap file
2025-05-06 03:29:09 - You select: D:\Real-Time-Feature-Extraction-of-Packets-using-CICFLOWMETER\pcap_store\traffic_20250506_032809.pcap
2025-05-06 03:29:09 - Out folder: D:\Real-Time-Feature-Extraction-of-Packets-using-CICFLOWMETER\output
2025-05-06 03:29:10 - CICFlowMeter received 1 pcap file
2025-05-06 03:32:45 - You select: D:\Real-Time-Feature-Extraction-of-Packets-using-CICFLOWMETER\pcap_store\traffic_20250506_033144.pcap
2025-05-06 03:32:45 - Out folder: D:\Real-Time-Feature-Extraction-of-Packets-using-CICFLOWMETER\output
2025-05-06 03:32:45 - CICFlowMeter received 1 pcap file
2025-05-06 03:34:29 - You select: D:\Real-Time-Feature-Extraction-of-Packets-using-CICFLOWMETER\pcap_store\traffic_20250506_033328.pcap
2025-05-06 03:34:29 - Out folder: D:\Real-Time-Feature-Extraction-of-Packets-using-CICFLOWMETER\output
2025-05-06 03:34:29 - CICFlowMeter received 1 pcap file
2025-05-06 03:38:33 - You select: D:\Real-Time-Feature-Extraction-of-Packets-using-CICFLOWMETER\pcap_store\traffic_20250506_033732.pcap
2025-05-06 03:38:33 - Out folder: D:\Real-Time-Feature-Extraction-of-Packets-using-CICFLOWMETER\output
2025-05-06 03:38:33 - CICFlowMeter received 1 pcap file
2025-05-06 03:40:14 - You select: D:\Real-Time-Feature-Extraction-of-Packets-using-CICFLOWMETER\pcap_store\traffic_20250506_033913.pcap
2025-05-06 03:40:14 - Out folder: D:\Real-Time-Feature-Extraction-of-Packets-using-CICFLOWMETER\output
2025-05-06 03:40:14 - CICFlowMeter received 1 pcap file
2025-05-06 03:42:28 - You select: D:\Real-Time-Feature-Extraction-of-Packets-using-CICFLOWMETER\pcap_store\traffic_20250506_034127.pcap
2025-05-06 03:42:28 - Out folder: D:\Real-Time-Feature-Extraction-of-Packets-using-CICFLOWMETER\output
2025-05-06 03:42:28 - CICFlowMeter received 1 pcap file
2025-05-06 03:49:42 - You select: D:\Real-Time-Feature-Extraction-of-Packets-using-CICFLOWMETER\pcap_store\traffic_20250506_034841.pcap
2025-05-06 03:49:42 - Out folder: D:\Real-Time-Feature-Extraction-of-Packets-using-CICFLOWMETER\output
2025-05-06 03:49:42 - CICFlowMeter received 1 pcap file
2025-05-06 03:54:55 - You select: D:\Real-Time-Feature-Extraction-of-Packets-using-CICFLOWMETER\pcap_store\traffic_20250506_035354.pcap
2025-05-06 03:54:55 - Out folder: D:\Real-Time-Feature-Extraction-of-Packets-using-CICFLOWMETER\output
2025-05-06 03:54:55 - CICFlowMeter received 1 pcap file
2025-05-06 03:56:13 - You select: D:\Real-Time-Feature-Extraction-of-Packets-using-CICFLOWMETER\pcap_store\traffic_20250506_035512.pcap
2025-05-06 03:56:13 - Out folder: D:\Real-Time-Feature-Extraction-of-Packets-using-CICFLOWMETER\output
2025-05-06 03:56:13 - CICFlowMeter received 1 pcap file
2025-05-06 03:59:27 - You select: D:\Real-Time-Feature-Extraction-of-Packets-using-CICFLOWMETER\pcap_store\traffic_20250506_035826.pcap
2025-05-06 03:59:27 - Out folder: D:\Real-Time-Feature-Extraction-of-Packets-using-CICFLOWMETER\output
2025-05-06 03:59:27 - CICFlowMeter received 1 pcap file
2025-05-06 04:02:58 - You select: D:\Real-Time-Feature-Extraction-of-Packets-using-CICFLOWMETER\pcap_store\attack_traffic_20250506_040157.pcap
2025-05-06 04:02:58 - Out folder: D:\Real-Time-Feature-Extraction-of-Packets-using-CICFLOWMETER\output
2025-05-06 04:02:58 - CICFlowMeter received 1 pcap file
2025-05-06 04:26:16 - The pcap file or folder does not exist! -> D:\Real-Time-Feature-Extraction-of-Packets-using-CICFLOWMETER\pcap_store\traffic_20250506_042614.pcap
2025-05-06 04:45:23 - You select: D:\Real-Time-Feature-Extraction-of-Packets-using-CICFLOWMETER\pcap_store\attack_traffic_20250506_044422.pcap
2025-05-06 04:45:23 - Out folder: D:\Real-Time-Feature-Extraction-of-Packets-using-CICFLOWMETER\output
2025-05-06 04:45:23 - CICFlowMeter received 1 pcap file
2025-05-06 04:48:47 - You select: D:\Real-Time-Feature-Extraction-of-Packets-using-CICFLOWMETER\pcap_store\attack_traffic_20250506_044746.pcap
2025-05-06 04:48:47 - Out folder: D:\Real-Time-Feature-Extraction-of-Packets-using-CICFLOWMETER\output
2025-05-06 04:48:47 - CICFlowMeter received 1 pcap file
2025-05-06 04:54:25 - You select: D:\Real-Time-Feature-Extraction-of-Packets-using-CICFLOWMETER\pcap_store\attack_traffic_20250506_045324.pcap
2025-05-06 04:54:25 - Out folder: D:\Real-Time-Feature-Extraction-of-Packets-using-CICFLOWMETER\output
2025-05-06 04:54:25 - CICFlowMeter received 1 pcap file
2025-05-06 04:59:05 - You select: D:\Real-Time-Feature-Extraction-of-Packets-using-CICFLOWMETER\pcap_store\attack_traffic_20250506_045804.pcap
2025-05-06 04:59:05 - Out folder: D:\Real-Time-Feature-Extraction-of-Packets-using-CICFLOWMETER\output
2025-05-06 04:59:05 - CICFlowMeter received 1 pcap file
2025-05-06 05:05:15 - You select: D:\Real-Time-Feature-Extraction-of-Packets-using-CICFLOWMETER\pcap_store\attack_traffic_20250506_050415.pcap
2025-05-06 05:05:15 - Out folder: D:\Real-Time-Feature-Extraction-of-Packets-using-CICFLOWMETER\output
2025-05-06 05:05:16 - CICFlowMeter received 1 pcap file
2025-05-06 05:07:03 - You select: D:\Real-Time-Feature-Extraction-of-Packets-using-CICFLOWMETER\pcap_store\attack_traffic_20250506_050602.pcap
2025-05-06 05:07:03 - Out folder: D:\Real-Time-Feature-Extraction-of-Packets-using-CICFLOWMETER\output
2025-05-06 05:07:03 - CICFlowMeter received 1 pcap file
